#
# There is insufficient memory for the Java Runtime Environment to continue.
# Native memory allocation (mmap) failed to map 67108864 bytes for Failed to commit area from 0x00000000c1800000 to 0x00000000c5800000 of length 67108864.
# Possible reasons:
#   The system is out of physical RAM or swap space
#   The process is running with CompressedOops enabled, and the Java Heap may be blocking the growth of the native heap
# Possible solutions:
#   Reduce memory load on the system
#   Increase physical memory or swap space
#   Check if swap backing store is full
#   Decrease Java heap size (-Xmx/-Xms)
#   Decrease number of Java threads
#   Decrease Java thread stack sizes (-Xss)
#   Set larger code cache with -XX:ReservedCodeCacheSize=
# This output file may be truncated or incomplete.
#
#  Out of Memory Error (t:/workspace/open/src/hotspot/os/windows/os_windows.cpp:3301), pid=7396, tid=9312
#
# JRE version:  (13.0.2+8) (build )
# Java VM: Java HotSpot(TM) 64-Bit Server VM (13.0.2+8, mixed mode, aot, sharing, tiered, compressed oops, g1 gc, windows-amd64)
# No core dump will be written. Minidumps are not enabled by default on client versions of Windows
#

---------------  S U M M A R Y ------------

Command Line: C:\Users\Admin_PC\AppData\Local\Temp\surefire8565897739896375458\surefirebooter12548302295299558609.jar C:\Users\Admin_PC\AppData\Local\Temp\surefire8565897739896375458 2020-05-14T21-41-20_940-jvmRun1 surefire2794051747605028281tmp surefire_08360896358847696675tmp

Host: Intel(R) Core(TM) i3-2100 CPU @ 3.10GHz, 4 cores, 3G,  Windows 10 , 64 bit Build 18362 (10.0.18362.778)
Time: Thu May 14 21:41:22 2020 India Standard Time elapsed time: 0 seconds (0d 0h 0m 0s)

---------------  T H R E A D  ---------------

Current thread (0x000001fa4bbc0800):  JavaThread "Unknown thread" [_thread_in_vm, id=9312, stack(0x0000008296300000,0x0000008296400000)]

Stack: [0x0000008296300000,0x0000008296400000]
Native frames: (J=compiled Java code, j=interpreted, Vv=VM code, C=native code)
V  [jvm.dll+0x624f9a]
V  [jvm.dll+0x770cfa]
V  [jvm.dll+0x7724af]
V  [jvm.dll+0x772ab3]
V  [jvm.dll+0x24bf08]
V  [jvm.dll+0x6222aa]
V  [jvm.dll+0x6170b5]
V  [jvm.dll+0x30a88c]
V  [jvm.dll+0x30a6c2]
V  [jvm.dll+0x30fe36]
V  [jvm.dll+0x353f46]
V  [jvm.dll+0x353720]
V  [jvm.dll+0x2e550a]
V  [jvm.dll+0x2e67a2]
V  [jvm.dll+0x74dd78]
V  [jvm.dll+0x361989]
V  [jvm.dll+0x730e65]
V  [jvm.dll+0x3cc53f]
V  [jvm.dll+0x3ce861]
C  [jli.dll+0x51ff]
C  [ucrtbase.dll+0x20e72]
C  [KERNEL32.DLL+0x17bd4]
C  [ntdll.dll+0x6ce51]


---------------  P R O C E S S  ---------------

Threads class SMR info:
_java_thread_list=0x00007ffa4b6cccb8, length=0, elements={
}

Java Threads: ( => current thread )

Other Threads:
  0x000001fa4bbf1800 GCTaskThread "GC Thread#0" [stack: 0x0000008296400000,0x0000008296500000] [id=7580]
  0x000001fa4bbfd000 ConcurrentGCThread "G1 Main Marker" [stack: 0x0000008296500000,0x0000008296600000] [id=10724]
  0x000001fa4bbff000 ConcurrentGCThread "G1 Conc#0" [stack: 0x0000008296600000,0x0000008296700000] [id=9432]

[error occurred during error reporting (printing all threads), id 0xc0000005, EXCEPTION_ACCESS_VIOLATION (0xc0000005) at pc=0x00007ffa4af051d7]

VM state:not at safepoint (not fully initialized)

VM Mutex/Monitor currently owned by a thread:  ([mutex/lock_event])
[0x000001fa4bbbbd90] Heap_lock - owner thread: 0x000001fa4bbc0800

Heap address: 0x00000000c1800000, size: 1000 MB, Compressed Oops mode: Non-zero based: 0x00000000c1800000
Narrow klass base: 0x0000000000000000, Narrow klass shift: 0

GC Heap History (0 events):
No events

Deoptimization events (0 events):
No events

Classes unloaded (0 events):
No events

Classes redefined (0 events):
No events

Internal exceptions (0 events):
No events

Events (8 events):
Event: 0.010 Loaded shared library C:\Program Files\Java\jdk-13.0.2\bin\zip.dll
Event: 0.011 Loaded shared library C:\Program Files\Java\jdk-13.0.2\bin\jimage.dll
Event: 0.013 Loading shared library C:\Program Files\Java\jdk-13.0.2\lib\libjava.base-coop.dll failed, error code 126
Event: 0.013 Loading shared library C:\Program Files\Java\jdk-13.0.2\lib\libjava.logging-coop.dll failed, error code 126
Event: 0.013 Loading shared library C:\Program Files\Java\jdk-13.0.2\lib\libjdk.compiler-coop.dll failed, error code 126
Event: 0.013 Loading shared library C:\Program Files\Java\jdk-13.0.2\lib\libjdk.scripting.nashorn-coop.dll failed, error code 126
Event: 0.013 Loading shared library C:\Program Files\Java\jdk-13.0.2\lib\libjdk.internal.vm.ci-coop.dll failed, error code 126
Event: 0.013 Loading shared library C:\Program Files\Java\jdk-13.0.2\lib\libjdk.internal.vm.compiler-coop.dll failed, error code 126


Dynamic libraries:
0x00007ff7d53a0000 - 0x00007ff7d53af000 	C:\Program Files\Java\jdk-13.0.2\bin\java.exe
0x00007ffa94980000 - 0x00007ffa94b70000 	C:\Windows\SYSTEM32\ntdll.dll
0x00007ffa84cd0000 - 0x00007ffa84ce3000 	C:\Program Files\Avast Software\Avast\aswhook.dll
0x00007ffa94120000 - 0x00007ffa941d2000 	C:\Windows\System32\KERNEL32.DLL
0x00007ffa925e0000 - 0x00007ffa92883000 	C:\Windows\System32\KERNELBASE.dll
0x00007ffa92930000 - 0x00007ffa92a2a000 	C:\Windows\System32\ucrtbase.dll
0x00007ffa8e070000 - 0x00007ffa8e088000 	C:\Program Files\Java\jdk-13.0.2\bin\jli.dll
0x00007ffa93200000 - 0x00007ffa932a3000 	C:\Windows\System32\ADVAPI32.dll
0x00007ffa94260000 - 0x00007ffa942fe000 	C:\Windows\System32\msvcrt.dll
0x00007ffa92f10000 - 0x00007ffa92fa7000 	C:\Windows\System32\sechost.dll
0x00007ffa92fb0000 - 0x00007ffa930d0000 	C:\Windows\System32\RPCRT4.dll
0x00007ffa92cb0000 - 0x00007ffa92e44000 	C:\Windows\System32\USER32.dll
0x00007ffa91910000 - 0x00007ffa91931000 	C:\Windows\System32\win32u.dll
0x00007ffa947e0000 - 0x00007ffa94806000 	C:\Windows\System32\GDI32.dll
0x00007ffa92320000 - 0x00007ffa924b4000 	C:\Windows\System32\gdi32full.dll
0x00007ffa92890000 - 0x00007ffa9292e000 	C:\Windows\System32\msvcp_win.dll
0x00007ffa88df0000 - 0x00007ffa88e05000 	C:\Program Files\Java\jdk-13.0.2\bin\VCRUNTIME140.dll
0x00007ffa7d230000 - 0x00007ffa7d4b5000 	C:\Windows\WinSxS\amd64_microsoft.windows.common-controls_6595b64144ccf1df_6.0.18362.778_none_e6c6b761130d4fb8\COMCTL32.dll
0x00007ffa932b0000 - 0x00007ffa935e6000 	C:\Windows\System32\combase.dll
0x00007ffa91940000 - 0x00007ffa919c0000 	C:\Windows\System32\bcryptPrimitives.dll
0x00007ffa8d200000 - 0x00007ffa8d20a000 	C:\Windows\SYSTEM32\VERSION.dll
0x00007ffa935f0000 - 0x00007ffa9361e000 	C:\Windows\System32\IMM32.DLL
0x00007ffa7c640000 - 0x00007ffa7c6db000 	C:\Program Files\Java\jdk-13.0.2\bin\msvcp140.dll
0x00007ffa4ac10000 - 0x00007ffa4b76d000 	C:\Program Files\Java\jdk-13.0.2\bin\server\jvm.dll
0x00007ffa93800000 - 0x00007ffa93808000 	C:\Windows\System32\PSAPI.DLL
0x00007ffa881d0000 - 0x00007ffa881d9000 	C:\Windows\SYSTEM32\WSOCK32.dll
0x00007ffa940b0000 - 0x00007ffa9411f000 	C:\Windows\System32\WS2_32.dll
0x00007ffa8fa10000 - 0x00007ffa8fa34000 	C:\Windows\SYSTEM32\WINMM.dll
0x00007ffa8f9e0000 - 0x00007ffa8fa0d000 	C:\Windows\SYSTEM32\WINMMBASE.dll
0x00007ffa924c0000 - 0x00007ffa9250a000 	C:\Windows\System32\cfgmgr32.dll
0x00007ffa918f0000 - 0x00007ffa91901000 	C:\Windows\System32\kernel.appcore.dll
0x00007ffa88f00000 - 0x00007ffa88f10000 	C:\Program Files\Java\jdk-13.0.2\bin\verify.dll
0x00007ffa8cee0000 - 0x00007ffa8d0d4000 	C:\Windows\SYSTEM32\DBGHELP.DLL
0x00007ffa8ceb0000 - 0x00007ffa8ceda000 	C:\Windows\SYSTEM32\dbgcore.DLL
0x00007ffa82140000 - 0x00007ffa82166000 	C:\Program Files\Java\jdk-13.0.2\bin\java.dll
0x00007ffa82120000 - 0x00007ffa82137000 	C:\Program Files\Java\jdk-13.0.2\bin\zip.dll
0x00007ffa88de0000 - 0x00007ffa88dea000 	C:\Program Files\Java\jdk-13.0.2\bin\jimage.dll

dbghelp: loaded successfully - version: 4.0.5 - missing functions: none
symbol engine: initialized successfully - sym options: 0x614 - pdb path: .;C:\Program Files\Java\jdk-13.0.2\bin;C:\Windows\SYSTEM32;C:\Program Files\Avast Software\Avast;C:\Windows\WinSxS\amd64_microsoft.windows.common-controls_6595b64144ccf1df_6.0.18362.778_none_e6c6b761130d4fb8;C:\Program Files\Java\jdk-13.0.2\bin\server

VM Arguments:
java_command: C:\Users\Admin_PC\AppData\Local\Temp\surefire8565897739896375458\surefirebooter12548302295299558609.jar C:\Users\Admin_PC\AppData\Local\Temp\surefire8565897739896375458 2020-05-14T21-41-20_940-jvmRun1 surefire2794051747605028281tmp surefire_08360896358847696675tmp
java_class_path (initial): C:\Users\Admin_PC\AppData\Local\Temp\surefire8565897739896375458\surefirebooter12548302295299558609.jar
Launcher Type: SUN_STANDARD

[Global flags]
     intx CICompilerCount                          = 3                                         {product} {ergonomic}
     uint ConcGCThreads                            = 1                                         {product} {ergonomic}
     uint G1ConcRefinementThreads                  = 4                                         {product} {ergonomic}
   size_t G1HeapRegionSize                         = 1048576                                   {product} {ergonomic}
    uintx GCDrainStackTargetSize                   = 64                                        {product} {ergonomic}
   size_t InitialHeapSize                          = 67108864                                  {product} {ergonomic}
   size_t MarkStackSize                            = 4194304                                   {product} {ergonomic}
   size_t MaxHeapSize                              = 1048576000                                {product} {ergonomic}
   size_t MinHeapDeltaBytes                        = 1048576                                   {product} {ergonomic}
   size_t MinHeapSize                              = 8388608                                   {product} {ergonomic}
    uintx NonNMethodCodeHeapSize                   = 5832780                                {pd product} {ergonomic}
    uintx NonProfiledCodeHeapSize                  = 122912730                              {pd product} {ergonomic}
    uintx ProfiledCodeHeapSize                     = 122912730                              {pd product} {ergonomic}
    uintx ReservedCodeCacheSize                    = 251658240                              {pd product} {ergonomic}
     bool SegmentedCodeCache                       = true                                      {product} {ergonomic}
   size_t SoftMaxHeapSize                          = 1048576000                             {manageable} {ergonomic}
     bool UseCompressedClassPointers               = true                                 {lp64_product} {ergonomic}
     bool UseCompressedOops                        = true                                 {lp64_product} {ergonomic}
     bool UseG1GC                                  = true                                      {product} {ergonomic}
     bool UseLargePagesIndividualAllocation        = false                                  {pd product} {ergonomic}

Logging:
Log output configuration:
 #0: stdout all=warning uptime,level,tags
 #1: stderr all=off uptime,level,tags

Environment Variables:
JAVA_HOME=C:\Program Files\Java\jdk-13.0.2
PATH=C:\Windows\system32;C:\Windows;C:\Windows\System32\Wbem;C:\Windows\System32\WindowsPowerShell\v1.0\;C:\Windows\System32\OpenSSH\;C:\Program Files\Java\jdk-13.0.2\bin;C:\Program Files\nodejs\;C:\Program Files\Docker\Docker\resources\bin;C:\ProgramData\DockerDesktop\version-bin;C:\Program Files\Java\jdk-13.0.2\bin;C:\Program Files\Git\cmd;C:\Program Files\apache-maven-3.6.3\bin;C:\Users\Admin_PC\AppData\Local\Microsoft\WindowsApps;;C:\Users\Admin_PC\AppData\Local\Programs\Microsoft VS Code\bin;C:\Users\Admin_PC\AppData\Roaming\npm
USERNAME=Admin_PC
OS=Windows_NT
PROCESSOR_IDENTIFIER=Intel64 Family 6 Model 42 Stepping 7, GenuineIntel



---------------  S Y S T E M  ---------------

OS: Windows 10 , 64 bit Build 18362 (10.0.18362.778)
HyperV virtualization detected

CPU:total 4 (initial active 4) (2 cores per cpu, 2 threads per core) family 6 model 42 stepping 7, cmov, cx8, fxsr, mmx, sse, sse2, sse3, ssse3, sse4.1, sse4.2, popcnt, avx, clmul, ht, tsc, tscinvbit

Memory: 4k page, system-wide physical 3993M (363M free)
TotalPageFile size 5388M (AvailPageFile size 22M)
current process WorkingSet (physical memory assigned to process): 10M, peak: 10M
current process commit charge ("private bytes"): 51M, peak: 115M

vm_info: Java HotSpot(TM) 64-Bit Server VM (13.0.2+8) for windows-amd64 JRE (13.0.2+8), built on Dec 11 2019 09:20:33 by "mach5one" with unknown MS VC++:1916

END.
