#
# There is insufficient memory for the Java Runtime Environment to continue.
# Native memory allocation (malloc) failed to allocate 1082256 bytes for Chunk::new
# Possible reasons:
#   The system is out of physical RAM or swap space
#   The process is running with CompressedOops enabled, and the Java Heap may be blocking the growth of the native heap
# Possible solutions:
#   Reduce memory load on the system
#   Increase physical memory or swap space
#   Check if swap backing store is full
#   Decrease Java heap size (-Xmx/-Xms)
#   Decrease number of Java threads
#   Decrease Java thread stack sizes (-Xss)
#   Set larger code cache with -XX:ReservedCodeCacheSize=
#   JVM is running with Unscaled Compressed Oops mode in which the Java heap is
#     placed in the first 4GB address space. The Java Heap base address is the
#     maximum limit for the native heap growth. Please use -XX:HeapBaseMinAddress
#     to set the Java Heap base and to place the Java Heap above 4GB virtual address.
# This output file may be truncated or incomplete.
#
#  Out of Memory Error (t:/workspace/open/src/hotspot/share/memory/arena.cpp:196), pid=7052, tid=2104
#
# JRE version: Java(TM) SE Runtime Environment (13.0.2+8) (build 13.0.2+8)
# Java VM: Java HotSpot(TM) 64-Bit Server VM (13.0.2+8, mixed mode, sharing, tiered, compressed oops, g1 gc, windows-amd64)
# No core dump will be written. Minidumps are not enabled by default on client versions of Windows
#

---------------  S U M M A R Y ------------

Command Line: -Dclassworlds.conf=C:\Program Files\apache-maven-3.6.3\bin\..\bin\m2.conf -Dmaven.home=C:\Program Files\apache-maven-3.6.3\bin\.. -Dlibrary.jansi.path=C:\Program Files\apache-maven-3.6.3\bin\..\lib\jansi-native -Dmaven.multiModuleProjectDirectory=C:\Users\Admin_PC\IdeaProjects\spring-jenkins org.codehaus.plexus.classworlds.launcher.Launcher clean install

Host: Intel(R) Core(TM) i3-2100 CPU @ 3.10GHz, 4 cores, 3G,  Windows 10 , 64 bit Build 18362 (10.0.18362.778)
Time: Fri May 15 01:27:00 2020 India Standard Time elapsed time: 10 seconds (0d 0h 0m 10s)

---------------  T H R E A D  ---------------

Current thread (0x000002507d5f1000):  JavaThread "C2 CompilerThread1" daemon [_thread_in_native, id=2104, stack(0x000000dc58a00000,0x000000dc58b00000)]


Current CompileTask:
C2:  10835 5460   !   4       jdk.internal.loader.URLClassPath$JarLoader::getResource (65 bytes)

Stack: [0x000000dc58a00000,0x000000dc58b00000]
Native frames: (J=compiled Java code, j=interpreted, Vv=VM code, C=native code)
V  [jvm.dll+0x624f9a]
V  [jvm.dll+0x770cfa]
V  [jvm.dll+0x7724af]
V  [jvm.dll+0x772ab3]
V  [jvm.dll+0x24bf08]
V  [jvm.dll+0xc1e47]
V  [jvm.dll+0xc23cc]
V  [jvm.dll+0x35c068]
V  [jvm.dll+0x327803]
V  [jvm.dll+0x326bda]
V  [jvm.dll+0x205c27]
V  [jvm.dll+0x204e3f]
V  [jvm.dll+0x189c2c]
V  [jvm.dll+0x213e6d]
V  [jvm.dll+0x2120bb]
V  [jvm.dll+0x736bb6]
V  [jvm.dll+0x72fcaa]
V  [jvm.dll+0x623ea6]
C  [ucrtbase.dll+0x20e72]
C  [KERNEL32.DLL+0x17bd4]
C  [ntdll.dll+0x6ce51]


---------------  P R O C E S S  ---------------

Threads class SMR info:
_java_thread_list=0x000002507d7e6630, length=16, elements={
0x000002506e301000, 0x000002507b2cd000, 0x000002507b2d2000, 0x000002507b2ec800,
0x000002507b2ee800, 0x000002507b2f0000, 0x000002507b2f2800, 0x000002507b2f7800,
0x000002507bd3c000, 0x000002507bd49000, 0x000002507d5f1000, 0x000002507c0ef000,
0x000002507cc81800, 0x000002507ef42800, 0x000002507d262000, 0x000002507cde5800
}

Java Threads: ( => current thread )
  0x000002506e301000 JavaThread "main" [_thread_in_native, id=2836, stack(0x000000dc57800000,0x000000dc57900000)]
  0x000002507b2cd000 JavaThread "Reference Handler" daemon [_thread_blocked, id=4352, stack(0x000000dc57f00000,0x000000dc58000000)]
  0x000002507b2d2000 JavaThread "Finalizer" daemon [_thread_blocked, id=11256, stack(0x000000dc58000000,0x000000dc58100000)]
  0x000002507b2ec800 JavaThread "Signal Dispatcher" daemon [_thread_blocked, id=8868, stack(0x000000dc58100000,0x000000dc58200000)]
  0x000002507b2ee800 JavaThread "Attach Listener" daemon [_thread_blocked, id=11288, stack(0x000000dc58200000,0x000000dc58300000)]
  0x000002507b2f0000 JavaThread "C2 CompilerThread0" daemon [_thread_in_native, id=7916, stack(0x000000dc58300000,0x000000dc58400000)]
  0x000002507b2f2800 JavaThread "C1 CompilerThread0" daemon [_thread_blocked, id=10620, stack(0x000000dc58400000,0x000000dc58500000)]
  0x000002507b2f7800 JavaThread "Sweeper thread" daemon [_thread_blocked, id=4696, stack(0x000000dc58500000,0x000000dc58600000)]
  0x000002507bd3c000 JavaThread "Service Thread" daemon [_thread_blocked, id=9744, stack(0x000000dc58600000,0x000000dc58700000)]
  0x000002507bd49000 JavaThread "Common-Cleaner" daemon [_thread_blocked, id=7884, stack(0x000000dc58800000,0x000000dc58900000)]
=>0x000002507d5f1000 JavaThread "C2 CompilerThread1" daemon [_thread_in_native, id=2104, stack(0x000000dc58a00000,0x000000dc58b00000)]
  0x000002507c0ef000 JavaThread "resolver-1" daemon [_thread_blocked, id=9504, stack(0x000000dc58b00000,0x000000dc58c00000)]
  0x000002507cc81800 JavaThread "resolver-2" daemon [_thread_blocked, id=10544, stack(0x000000dc58c00000,0x000000dc58d00000)]
  0x000002507ef42800 JavaThread "resolver-3" daemon [_thread_blocked, id=11200, stack(0x000000dc58d00000,0x000000dc58e00000)]
  0x000002507d262000 JavaThread "resolver-4" daemon [_thread_blocked, id=8856, stack(0x000000dc58e00000,0x000000dc58f00000)]
  0x000002507cde5800 JavaThread "resolver-5" daemon [_thread_blocked, id=2156, stack(0x000000dc58f00000,0x000000dc59000000)]

Other Threads:
  0x000002506e3ce800 VMThread "VM Thread" [stack: 0x000000dc57e00000,0x000000dc57f00000] [id=2096]
  0x000002507bd45000 WatcherThread [stack: 0x000000dc58700000,0x000000dc58800000] [id=5716]
  0x000002506e331800 GCTaskThread "GC Thread#0" [stack: 0x000000dc57900000,0x000000dc57a00000] [id=7664]
  0x000002507c74c800 GCTaskThread "GC Thread#1" [stack: 0x000000dc58900000,0x000000dc58a00000] [id=7592]
  0x000002506e33e000 ConcurrentGCThread "G1 Main Marker" [stack: 0x000000dc57a00000,0x000000dc57b00000] [id=9804]
  0x000002506e341000 ConcurrentGCThread "G1 Conc#0" [stack: 0x000000dc57b00000,0x000000dc57c00000] [id=5768]
  0x000002506e396000 ConcurrentGCThread "G1 Refine#0" [stack: 0x000000dc57c00000,0x000000dc57d00000] [id=11332]
  0x000002506e398000 ConcurrentGCThread "G1 Young RemSet Sampling" [stack: 0x000000dc57d00000,0x000000dc57e00000] [id=10228]

Threads with active compile tasks:
C2 CompilerThread0    10931 5482       4       java.util.regex.Matcher::search (154 bytes)
C2 CompilerThread1    10931 5460   !   4       jdk.internal.loader.URLClassPath$JarLoader::getResource (65 bytes)

VM state:not at safepoint (normal execution)

VM Mutex/Monitor currently owned by a thread: None

Heap address: 0x00000000c1800000, size: 1000 MB, Compressed Oops mode: 32-bit
Narrow klass base: 0x0000000800000000, Narrow klass shift: 3
Compressed class space size: 1073741824 Address: 0x0000000800b40000

Heap:
 garbage-first heap   total 82944K, used 35049K [0x00000000c1800000, 0x0000000100000000)
  region size 1024K, 7 young (7168K), 1 survivors (1024K)
 Metaspace       used 26490K, capacity 27257K, committed 27388K, reserved 1073152K
  class space    used 2907K, capacity 3239K, committed 3324K, reserved 1048576K
Heap Regions: E=young(eden), S=young(survivor), O=old, HS=humongous(starts), HC=humongous(continues), CS=collection set, F=free, A=archive, TAMS=top-at-mark-start (previous, next)
|   0|0x00000000c1800000, 0x00000000c1900000, 0x00000000c1900000|100%| O|  |TAMS 0x00000000c1900000, 0x00000000c1800000| Untracked 
|   1|0x00000000c1900000, 0x00000000c1a00000, 0x00000000c1a00000|100%| O|  |TAMS 0x00000000c1a00000, 0x00000000c1900000| Untracked 
|   2|0x00000000c1a00000, 0x00000000c1b00000, 0x00000000c1b00000|100%| O|  |TAMS 0x00000000c1b00000, 0x00000000c1a00000| Untracked 
|   3|0x00000000c1b00000, 0x00000000c1c00000, 0x00000000c1c00000|100%| O|  |TAMS 0x00000000c1c00000, 0x00000000c1b00000| Untracked 
|   4|0x00000000c1c00000, 0x00000000c1d00000, 0x00000000c1d00000|100%| O|  |TAMS 0x00000000c1d00000, 0x00000000c1c00000| Untracked 
|   5|0x00000000c1d00000, 0x00000000c1e00000, 0x00000000c1e00000|100%| O|  |TAMS 0x00000000c1e00000, 0x00000000c1d00000| Untracked 
|   6|0x00000000c1e00000, 0x00000000c1f00000, 0x00000000c1f00000|100%| O|  |TAMS 0x00000000c1f00000, 0x00000000c1e00000| Untracked 
|   7|0x00000000c1f00000, 0x00000000c2000000, 0x00000000c2000000|100%| O|  |TAMS 0x00000000c2000000, 0x00000000c1f00000| Untracked 
|   8|0x00000000c2000000, 0x00000000c2100000, 0x00000000c2100000|100%| O|  |TAMS 0x00000000c2100000, 0x00000000c2000000| Untracked 
|   9|0x00000000c2100000, 0x00000000c2200000, 0x00000000c2200000|100%| O|  |TAMS 0x00000000c2200000, 0x00000000c2100000| Untracked 
|  10|0x00000000c2200000, 0x00000000c2300000, 0x00000000c2300000|100%| O|  |TAMS 0x00000000c2300000, 0x00000000c2200000| Untracked 
|  11|0x00000000c2300000, 0x00000000c2400000, 0x00000000c2400000|100%| O|  |TAMS 0x00000000c2400000, 0x00000000c2300000| Untracked 
|  12|0x00000000c2400000, 0x00000000c2400000, 0x00000000c2500000|  0%| F|  |TAMS 0x00000000c2400000, 0x00000000c2400000| Untracked 
|  13|0x00000000c2500000, 0x00000000c2600000, 0x00000000c2600000|100%| O|  |TAMS 0x00000000c2600000, 0x00000000c2500000| Untracked 
|  14|0x00000000c2600000, 0x00000000c2700000, 0x00000000c2700000|100%| O|  |TAMS 0x00000000c2700000, 0x00000000c2600000| Untracked 
|  15|0x00000000c2700000, 0x00000000c2700000, 0x00000000c2800000|  0%| F|  |TAMS 0x00000000c2700000, 0x00000000c2700000| Untracked 
|  16|0x00000000c2800000, 0x00000000c2900000, 0x00000000c2900000|100%| O|  |TAMS 0x00000000c2800000, 0x00000000c2800000| Untracked 
|  17|0x00000000c2900000, 0x00000000c2a00000, 0x00000000c2a00000|100%| O|  |TAMS 0x00000000c2900000, 0x00000000c2900000| Untracked 
|  18|0x00000000c2a00000, 0x00000000c2a00000, 0x00000000c2b00000|  0%| F|  |TAMS 0x00000000c2a00000, 0x00000000c2a00000| Untracked 
|  19|0x00000000c2b00000, 0x00000000c2c00000, 0x00000000c2c00000|100%| O|  |TAMS 0x00000000c2c00000, 0x00000000c2b00000| Untracked 
|  20|0x00000000c2c00000, 0x00000000c2d00000, 0x00000000c2d00000|100%| O|  |TAMS 0x00000000c2d00000, 0x00000000c2c00000| Untracked 
|  21|0x00000000c2d00000, 0x00000000c2e00000, 0x00000000c2e00000|100%| O|  |TAMS 0x00000000c2e00000, 0x00000000c2d00000| Untracked 
|  22|0x00000000c2e00000, 0x00000000c2f00000, 0x00000000c2f00000|100%| O|  |TAMS 0x00000000c2f00000, 0x00000000c2e00000| Untracked 
|  23|0x00000000c2f00000, 0x00000000c3000000, 0x00000000c3000000|100%| O|  |TAMS 0x00000000c3000000, 0x00000000c2f00000| Untracked 
|  24|0x00000000c3000000, 0x00000000c3000000, 0x00000000c3100000|  0%| F|  |TAMS 0x00000000c3000000, 0x00000000c3000000| Untracked 
|  25|0x00000000c3100000, 0x00000000c3100000, 0x00000000c3200000|  0%| F|  |TAMS 0x00000000c3100000, 0x00000000c3100000| Untracked 
|  26|0x00000000c3200000, 0x00000000c3200000, 0x00000000c3300000|  0%| F|  |TAMS 0x00000000c3200000, 0x00000000c3200000| Untracked 
|  27|0x00000000c3300000, 0x00000000c3300000, 0x00000000c3400000|  0%| F|  |TAMS 0x00000000c3300000, 0x00000000c3300000| Untracked 
|  28|0x00000000c3400000, 0x00000000c3500000, 0x00000000c3500000|100%| O|  |TAMS 0x00000000c3500000, 0x00000000c3400000| Untracked 
|  29|0x00000000c3500000, 0x00000000c3500000, 0x00000000c3600000|  0%| F|  |TAMS 0x00000000c3500000, 0x00000000c3500000| Untracked 
|  30|0x00000000c3600000, 0x00000000c3600000, 0x00000000c3700000|  0%| F|  |TAMS 0x00000000c3600000, 0x00000000c3600000| Untracked 
|  31|0x00000000c3700000, 0x00000000c3800000, 0x00000000c3800000|100%| O|  |TAMS 0x00000000c3700000, 0x00000000c3700000| Untracked 
|  32|0x00000000c3800000, 0x00000000c3900000, 0x00000000c3900000|100%| O|  |TAMS 0x00000000c3800000, 0x00000000c3800000| Untracked 
|  33|0x00000000c3900000, 0x00000000c3a00000, 0x00000000c3a00000|100%| O|  |TAMS 0x00000000c3900000, 0x00000000c3900000| Untracked 
|  34|0x00000000c3a00000, 0x00000000c3b00000, 0x00000000c3b00000|100%| O|  |TAMS 0x00000000c3a00000, 0x00000000c3a00000| Untracked 
|  35|0x00000000c3b00000, 0x00000000c3c00000, 0x00000000c3c00000|100%| O|  |TAMS 0x00000000c3b00000, 0x00000000c3b00000| Untracked 
|  36|0x00000000c3c00000, 0x00000000c3d00000, 0x00000000c3d00000|100%| O|  |TAMS 0x00000000c3c00000, 0x00000000c3c00000| Untracked 
|  37|0x00000000c3d00000, 0x00000000c3dddc00, 0x00000000c3e00000| 86%| O|  |TAMS 0x00000000c3d00000, 0x00000000c3d00000| Untracked 
|  38|0x00000000c3e00000, 0x00000000c3e00000, 0x00000000c3f00000|  0%| F|  |TAMS 0x00000000c3e00000, 0x00000000c3e00000| Untracked 
|  39|0x00000000c3f00000, 0x00000000c3f00000, 0x00000000c4000000|  0%| F|  |TAMS 0x00000000c3f00000, 0x00000000c3f00000| Untracked 
|  40|0x00000000c4000000, 0x00000000c4000000, 0x00000000c4100000|  0%| F|  |TAMS 0x00000000c4000000, 0x00000000c4000000| Untracked 
|  41|0x00000000c4100000, 0x00000000c4100000, 0x00000000c4200000|  0%| F|  |TAMS 0x00000000c4100000, 0x00000000c4100000| Untracked 
|  42|0x00000000c4200000, 0x00000000c4200000, 0x00000000c4300000|  0%| F|  |TAMS 0x00000000c4200000, 0x00000000c4200000| Untracked 
|  43|0x00000000c4300000, 0x00000000c4300000, 0x00000000c4400000|  0%| F|  |TAMS 0x00000000c4300000, 0x00000000c4300000| Untracked 
|  44|0x00000000c4400000, 0x00000000c4400000, 0x00000000c4500000|  0%| F|  |TAMS 0x00000000c4400000, 0x00000000c4400000| Untracked 
|  45|0x00000000c4500000, 0x00000000c4500000, 0x00000000c4600000|  0%| F|  |TAMS 0x00000000c4500000, 0x00000000c4500000| Untracked 
|  46|0x00000000c4600000, 0x00000000c4600000, 0x00000000c4700000|  0%| F|  |TAMS 0x00000000c4600000, 0x00000000c4600000| Untracked 
|  47|0x00000000c4700000, 0x00000000c4700000, 0x00000000c4800000|  0%| F|  |TAMS 0x00000000c4700000, 0x00000000c4700000| Untracked 
|  48|0x00000000c4800000, 0x00000000c4800000, 0x00000000c4900000|  0%| F|  |TAMS 0x00000000c4800000, 0x00000000c4800000| Untracked 
|  49|0x00000000c4900000, 0x00000000c4900000, 0x00000000c4a00000|  0%| F|  |TAMS 0x00000000c4900000, 0x00000000c4900000| Untracked 
|  50|0x00000000c4a00000, 0x00000000c4a00000, 0x00000000c4b00000|  0%| F|  |TAMS 0x00000000c4a00000, 0x00000000c4a00000| Untracked 
|  51|0x00000000c4b00000, 0x00000000c4b00000, 0x00000000c4c00000|  0%| F|  |TAMS 0x00000000c4b00000, 0x00000000c4b00000| Untracked 
|  52|0x00000000c4c00000, 0x00000000c4c00000, 0x00000000c4d00000|  0%| F|  |TAMS 0x00000000c4c00000, 0x00000000c4c00000| Untracked 
|  53|0x00000000c4d00000, 0x00000000c4d00000, 0x00000000c4e00000|  0%| F|  |TAMS 0x00000000c4d00000, 0x00000000c4d00000| Untracked 
|  54|0x00000000c4e00000, 0x00000000c4e00000, 0x00000000c4f00000|  0%| F|  |TAMS 0x00000000c4e00000, 0x00000000c4e00000| Untracked 
|  55|0x00000000c4f00000, 0x00000000c4f00000, 0x00000000c5000000|  0%| F|  |TAMS 0x00000000c4f00000, 0x00000000c4f00000| Untracked 
|  56|0x00000000c5000000, 0x00000000c5000000, 0x00000000c5100000|  0%| F|  |TAMS 0x00000000c5000000, 0x00000000c5000000| Untracked 
|  57|0x00000000c5100000, 0x00000000c5100000, 0x00000000c5200000|  0%| F|  |TAMS 0x00000000c5100000, 0x00000000c5100000| Untracked 
|  58|0x00000000c5200000, 0x00000000c5200000, 0x00000000c5300000|  0%| F|  |TAMS 0x00000000c5200000, 0x00000000c5200000| Untracked 
|  59|0x00000000c5300000, 0x00000000c5300000, 0x00000000c5400000|  0%| F|  |TAMS 0x00000000c5300000, 0x00000000c5300000| Untracked 
|  60|0x00000000c5400000, 0x00000000c5400000, 0x00000000c5500000|  0%| F|  |TAMS 0x00000000c5400000, 0x00000000c5400000| Untracked 
|  61|0x00000000c5500000, 0x00000000c5500000, 0x00000000c5600000|  0%| F|  |TAMS 0x00000000c5500000, 0x00000000c5500000| Untracked 
|  62|0x00000000c5600000, 0x00000000c5600000, 0x00000000c5700000|  0%| F|  |TAMS 0x00000000c5600000, 0x00000000c5600000| Untracked 
|  63|0x00000000c5700000, 0x00000000c5700000, 0x00000000c5800000|  0%| F|  |TAMS 0x00000000c5700000, 0x00000000c5700000| Untracked 
|  64|0x00000000c5800000, 0x00000000c5800000, 0x00000000c5900000|  0%| F|  |TAMS 0x00000000c5800000, 0x00000000c5800000| Untracked 
|  65|0x00000000c5900000, 0x00000000c5900000, 0x00000000c5a00000|  0%| F|  |TAMS 0x00000000c5900000, 0x00000000c5900000| Untracked 
|  66|0x00000000c5a00000, 0x00000000c5a00000, 0x00000000c5b00000|  0%| F|  |TAMS 0x00000000c5a00000, 0x00000000c5a00000| Untracked 
|  67|0x00000000c5b00000, 0x00000000c5b00000, 0x00000000c5c00000|  0%| F|  |TAMS 0x00000000c5b00000, 0x00000000c5b00000| Untracked 
|  68|0x00000000c5c00000, 0x00000000c5c00000, 0x00000000c5d00000|  0%| F|  |TAMS 0x00000000c5c00000, 0x00000000c5c00000| Untracked 
|  69|0x00000000c5d00000, 0x00000000c5d00000, 0x00000000c5e00000|  0%| F|  |TAMS 0x00000000c5d00000, 0x00000000c5d00000| Untracked 
|  70|0x00000000c5e00000, 0x00000000c5e00000, 0x00000000c5f00000|  0%| F|  |TAMS 0x00000000c5e00000, 0x00000000c5e00000| Untracked 
|  71|0x00000000c5f00000, 0x00000000c5f00000, 0x00000000c6000000|  0%| F|  |TAMS 0x00000000c5f00000, 0x00000000c5f00000| Untracked 
|  72|0x00000000c6000000, 0x00000000c6000000, 0x00000000c6100000|  0%| F|  |TAMS 0x00000000c6000000, 0x00000000c6000000| Untracked 
|  73|0x00000000c6100000, 0x00000000c6100000, 0x00000000c6200000|  0%| F|  |TAMS 0x00000000c6100000, 0x00000000c6100000| Untracked 
|  74|0x00000000c6200000, 0x00000000c6277618, 0x00000000c6300000| 46%| E|  |TAMS 0x00000000c6200000, 0x00000000c6200000| Complete 
|  75|0x00000000c6300000, 0x00000000c6400000, 0x00000000c6400000|100%| E|CS|TAMS 0x00000000c6300000, 0x00000000c6300000| Complete 
|  76|0x00000000c6400000, 0x00000000c6500000, 0x00000000c6500000|100%| E|CS|TAMS 0x00000000c6400000, 0x00000000c6400000| Complete 
|  77|0x00000000c6500000, 0x00000000c6600000, 0x00000000c6600000|100%| E|CS|TAMS 0x00000000c6500000, 0x00000000c6500000| Complete 
|  78|0x00000000c6600000, 0x00000000c665c880, 0x00000000c6700000| 36%| S|CS|TAMS 0x00000000c6600000, 0x00000000c6600000| Complete 
|  79|0x00000000c6700000, 0x00000000c6800000, 0x00000000c6800000|100%| E|CS|TAMS 0x00000000c6700000, 0x00000000c6700000| Complete 
|  80|0x00000000c6800000, 0x00000000c6900000, 0x00000000c6900000|100%| E|CS|TAMS 0x00000000c6800000, 0x00000000c6800000| Complete 

Card table byte_map: [0x0000025076a00000,0x0000025076c00000] _byte_map_base: 0x00000250763f4000

Marking Bits (Prev, Next): (CMBitMap*) 0x000002506e333748, (CMBitMap*) 0x000002506e333708
 Prev Bits: [0x0000025077da0000, 0x0000025078d40000)
 Next Bits: [0x0000025076e00000, 0x0000025077da0000)

Polling page: 0x000002506c2c0000

Metaspace:

Usage:
  Non-class:     23.46 MB capacity,    23.03 MB ( 98%) used,   383.91 KB (  2%) free+waste,    51.38 KB ( <1%) overhead. 
      Class:      3.16 MB capacity,     2.84 MB ( 90%) used,   307.73 KB ( 10%) free+waste,    23.38 KB ( <1%) overhead. 
       Both:     26.62 MB capacity,    25.87 MB ( 97%) used,   691.64 KB (  3%) free+waste,    74.75 KB ( <1%) overhead. 

Virtual space:
  Non-class space:       24.00 MB reserved,      23.50 MB ( 98%) committed 
      Class space:        1.00 GB reserved,       3.25 MB ( <1%) committed 
             Both:        1.02 GB reserved,      26.75 MB (  3%) committed 

Chunk freelists:
   Non-Class:  46.00 KB
       Class:  25.00 KB
        Both:  71.00 KB

MaxMetaspaceSize: 17179869184.00 GB
CompressedClassSpaceSize: 1.00 GB

CodeHeap 'non-profiled nmethods': size=120000Kb used=2915Kb max_used=2915Kb free=117085Kb
 bounds [0x0000025007ad0000, 0x0000025007db0000, 0x000002500f000000]
CodeHeap 'profiled nmethods': size=120000Kb used=10461Kb max_used=11186Kb free=109539Kb
 bounds [0x00000250005a0000, 0x0000025001090000, 0x0000025007ad0000]
CodeHeap 'non-nmethods': size=5760Kb used=1255Kb max_used=1295Kb free=4505Kb
 bounds [0x0000025000000000, 0x0000025000270000, 0x00000250005a0000]
 total_blobs=7655 nmethods=4723 adapters=432
 compilation: enabled
              stopped_count=0, restarted_count=0
 full_count=0

Compilation events (20 events):
Event: 10.685 Thread 0x000002507b2f2800 5462       3       java.util.Arrays::binarySearch0 (72 bytes)
Event: 10.685 Thread 0x000002507b2f2800 nmethod 5462 0x00000250009f5910 code [0x00000250009f5ac0, 0x00000250009f5d98]
Event: 10.689 Thread 0x000002507b2f0000 5463       4       java.util.Collections$UnmodifiableMap$UnmodifiableEntrySet$UnmodifiableEntry::<init> (16 bytes)
Event: 10.689 Thread 0x000002507b2f2800 5466   !   3       java.util.Collections$SynchronizedMap::put (28 bytes)
Event: 10.689 Thread 0x000002507b2f2800 nmethod 5466 0x000002500086ac90 code [0x000002500086ae40, 0x000002500086b250]
Event: 10.690 Thread 0x000002507b2f0000 nmethod 5463 0x0000025007da4090 code [0x0000025007da4220, 0x0000025007da43d8]
Event: 10.690 Thread 0x000002507b2f0000 5465       4       java.util.Collections$UnmodifiableMap$UnmodifiableEntrySet$1::next (5 bytes)
Event: 10.691 Thread 0x000002507b2f2800 5467       3       java.lang.ProcessEnvironment$CheckedEntry::getKey (5 bytes)
Event: 10.691 Thread 0x000002507b2f2800 nmethod 5467 0x000002500086a610 code [0x000002500086a7e0, 0x000002500086ab90]
Event: 10.691 Thread 0x000002507b2f2800 5469       3       java.lang.ProcessEnvironment$NameComparator::compare (90 bytes)
Event: 10.693 Thread 0x000002507b2f2800 nmethod 5469 0x00000250005f8490 code [0x00000250005f87a0, 0x00000250005f9b00]
Event: 10.693 Thread 0x000002507b2f2800 5468       3       java.lang.ProcessEnvironment$CheckedEntry::getKey (13 bytes)
Event: 10.694 Thread 0x000002507b2f2800 nmethod 5468 0x00000250009f5310 code [0x00000250009f54c0, 0x00000250009f5810]
Event: 10.706 Thread 0x000002507b2f0000 nmethod 5465 0x0000025007da4490 code [0x0000025007da4640, 0x0000025007da4d28]
Event: 10.706 Thread 0x000002507b2f0000 5464       4       java.util.Collections$UnmodifiableMap$UnmodifiableEntrySet$1::next (20 bytes)
Event: 10.709 Thread 0x000002507b2f2800 5471       3       java.lang.invoke.LambdaForm$BasicType::basicType (172 bytes)
Event: 10.710 Thread 0x000002507b2f2800 nmethod 5471 0x00000250009acd10 code [0x00000250009acfa0, 0x00000250009adc90]
Event: 10.717 Thread 0x000002507b2f2800 5472       3       sun.nio.cs.StreamDecoder::<init> (59 bytes)
Event: 10.718 Thread 0x000002507b2f2800 nmethod 5472 0x00000250009abf10 code [0x00000250009ac120, 0x00000250009aca50]
Event: 10.722 Thread 0x000002507b2f0000 nmethod 5464 0x0000025007da5390 code [0x0000025007da5540, 0x0000025007da5c28]

GC Heap History (20 events):
Event: 3.627 GC heap before
{Heap before GC invocations=3 (full 0):
 garbage-first heap   total 65536K, used 42171K [0x00000000c1800000, 0x0000000100000000)
  region size 1024K, 38 young (38912K), 5 survivors (5120K)
 Metaspace       used 13199K, capacity 14895K, committed 15104K, reserved 1062912K
  class space    used 1506K, capacity 1756K, committed 1792K, reserved 1048576K
}
Event: 3.651 GC heap after
{Heap after GC invocations=4 (full 0):
 garbage-first heap   total 65536K, used 13660K [0x00000000c1800000, 0x0000000100000000)
  region size 1024K, 5 young (5120K), 5 survivors (5120K)
 Metaspace       used 13199K, capacity 14895K, committed 15104K, reserved 1062912K
  class space    used 1506K, capacity 1756K, committed 1792K, reserved 1048576K
}
Event: 4.734 GC heap before
{Heap before GC invocations=4 (full 0):
 garbage-first heap   total 65536K, used 46428K [0x00000000c1800000, 0x0000000100000000)
  region size 1024K, 37 young (37888K), 5 survivors (5120K)
 Metaspace       used 14150K, capacity 15708K, committed 16000K, reserved 1062912K
  class space    used 1588K, capacity 1834K, committed 1920K, reserved 1048576K
}
Event: 4.752 GC heap after
{Heap after GC invocations=5 (full 0):
 garbage-first heap   total 78848K, used 16091K [0x00000000c1800000, 0x0000000100000000)
  region size 1024K, 3 young (3072K), 3 survivors (3072K)
 Metaspace       used 14150K, capacity 15708K, committed 16000K, reserved 1062912K
  class space    used 1588K, capacity 1834K, committed 1920K, reserved 1048576K
}
Event: 6.002 GC heap before
{Heap before GC invocations=5 (full 0):
 garbage-first heap   total 78848K, used 52955K [0x00000000c1800000, 0x0000000100000000)
  region size 1024K, 39 young (39936K), 3 survivors (3072K)
 Metaspace       used 17793K, capacity 19055K, committed 19200K, reserved 1067008K
  class space    used 1971K, capacity 2255K, committed 2304K, reserved 1048576K
}
Event: 6.011 GC heap after
{Heap after GC invocations=6 (full 0):
 garbage-first heap   total 78848K, used 18857K [0x00000000c1800000, 0x0000000100000000)
  region size 1024K, 3 young (3072K), 3 survivors (3072K)
 Metaspace       used 17793K, capacity 19055K, committed 19200K, reserved 1067008K
  class space    used 1971K, capacity 2255K, committed 2304K, reserved 1048576K
}
Event: 6.107 GC heap before
{Heap before GC invocations=6 (full 0):
 garbage-first heap   total 78848K, used 19881K [0x00000000c1800000, 0x0000000100000000)
  region size 1024K, 5 young (5120K), 3 survivors (3072K)
 Metaspace       used 20041K, capacity 21229K, committed 21248K, reserved 1069056K
  class space    used 2279K, capacity 2554K, committed 2560K, reserved 1048576K
}
Event: 6.114 GC heap after
{Heap after GC invocations=7 (full 0):
 garbage-first heap   total 78848K, used 18878K [0x00000000c1800000, 0x0000000100000000)
  region size 1024K, 3 young (3072K), 3 survivors (3072K)
 Metaspace       used 20041K, capacity 21229K, committed 21248K, reserved 1069056K
  class space    used 2279K, capacity 2554K, committed 2560K, reserved 1048576K
}
Event: 7.805 GC heap before
{Heap before GC invocations=8 (full 0):
 garbage-first heap   total 68608K, used 52670K [0x00000000c1800000, 0x0000000100000000)
  region size 1024K, 36 young (36864K), 3 survivors (3072K)
 Metaspace       used 24179K, capacity 24813K, committed 25084K, reserved 1071104K
  class space    used 2721K, capacity 3021K, committed 3068K, reserved 1048576K
}
Event: 7.827 GC heap after
{Heap after GC invocations=9 (full 0):
 garbage-first heap   total 68608K, used 24256K [0x00000000c1800000, 0x0000000100000000)
  region size 1024K, 5 young (5120K), 5 survivors (5120K)
 Metaspace       used 24179K, capacity 24813K, committed 25084K, reserved 1071104K
  class space    used 2721K, capacity 3021K, committed 3068K, reserved 1048576K
}
Event: 8.390 GC heap before
{Heap before GC invocations=10 (full 0):
 garbage-first heap   total 68608K, used 46784K [0x00000000c1800000, 0x0000000100000000)
  region size 1024K, 28 young (28672K), 5 survivors (5120K)
 Metaspace       used 24265K, capacity 24885K, committed 25084K, reserved 1071104K
  class space    used 2726K, capacity 3023K, committed 3068K, reserved 1048576K
}
Event: 8.408 GC heap after
{Heap after GC invocations=11 (full 0):
 garbage-first heap   total 68608K, used 29061K [0x00000000c1800000, 0x0000000100000000)
  region size 1024K, 4 young (4096K), 4 survivors (4096K)
 Metaspace       used 24265K, capacity 24885K, committed 25084K, reserved 1071104K
  class space    used 2726K, capacity 3023K, committed 3068K, reserved 1048576K
}
Event: 8.917 GC heap before
{Heap before GC invocations=11 (full 0):
 garbage-first heap   total 68608K, used 47493K [0x00000000c1800000, 0x0000000100000000)
  region size 1024K, 23 young (23552K), 4 survivors (4096K)
 Metaspace       used 24298K, capacity 25013K, committed 25084K, reserved 1071104K
  class space    used 2726K, capacity 3023K, committed 3068K, reserved 1048576K
}
Event: 8.928 GC heap after
{Heap after GC invocations=12 (full 0):
 garbage-first heap   total 68608K, used 34607K [0x00000000c1800000, 0x0000000100000000)
  region size 1024K, 3 young (3072K), 3 survivors (3072K)
 Metaspace       used 24298K, capacity 25013K, committed 25084K, reserved 1071104K
  class space    used 2726K, capacity 3023K, committed 3068K, reserved 1048576K
}
Event: 9.428 GC heap before
{Heap before GC invocations=12 (full 0):
 garbage-first heap   total 68608K, used 49967K [0x00000000c1800000, 0x0000000100000000)
  region size 1024K, 18 young (18432K), 3 survivors (3072K)
 Metaspace       used 24809K, capacity 25551K, committed 25724K, reserved 1071104K
  class space    used 2766K, capacity 3090K, committed 3196K, reserved 1048576K
}
Event: 9.438 GC heap after
{Heap after GC invocations=13 (full 0):
 garbage-first heap   total 82944K, used 36901K [0x00000000c1800000, 0x0000000100000000)
  region size 1024K, 2 young (2048K), 2 survivors (2048K)
 Metaspace       used 24809K, capacity 25551K, committed 25724K, reserved 1071104K
  class space    used 2766K, capacity 3090K, committed 3196K, reserved 1048576K
}
Event: 10.435 GC heap before
{Heap before GC invocations=14 (full 0):
 garbage-first heap   total 82944K, used 54309K [0x00000000c1800000, 0x0000000100000000)
  region size 1024K, 21 young (21504K), 2 survivors (2048K)
 Metaspace       used 25624K, capacity 26315K, committed 26492K, reserved 1073152K
  class space    used 2828K, capacity 3138K, committed 3196K, reserved 1048576K
}
Event: 10.445 GC heap after
{Heap after GC invocations=15 (full 0):
 garbage-first heap   total 82944K, used 35247K [0x00000000c1800000, 0x0000000100000000)
  region size 1024K, 2 young (2048K), 2 survivors (2048K)
 Metaspace       used 25624K, capacity 26315K, committed 26492K, reserved 1073152K
  class space    used 2828K, capacity 3138K, committed 3196K, reserved 1048576K
}
Event: 10.470 GC heap before
{Heap before GC invocations=15 (full 0):
 garbage-first heap   total 82944K, used 37295K [0x00000000c1800000, 0x0000000100000000)
  region size 1024K, 4 young (4096K), 2 survivors (2048K)
 Metaspace       used 25626K, capacity 26315K, committed 26492K, reserved 1073152K
  class space    used 2828K, capacity 3138K, committed 3196K, reserved 1048576K
}
Event: 10.486 GC heap after
{Heap after GC invocations=16 (full 0):
 garbage-first heap   total 82944K, used 29929K [0x00000000c1800000, 0x0000000100000000)
  region size 1024K, 1 young (1024K), 1 survivors (1024K)
 Metaspace       used 25626K, capacity 26315K, committed 26492K, reserved 1073152K
  class space    used 2828K, capacity 3138K, committed 3196K, reserved 1048576K
}

Deoptimization events (20 events):
Event: 10.688 Thread 0x000002506e301000 Uncommon trap: trap_request=0xffffffde fr.pc=0x0000025007c0aa94 relative=0x0000000000000074
Event: 10.688 Thread 0x000002506e301000 Uncommon trap: reason=class_check action=maybe_recompile pc=0x0000025007c0aa94 method=java.util.Collections$UnmodifiableMap$UnmodifiableEntrySet$UnmodifiableEntry.getValue()Ljava/lang/Object; @ 4 c2
Event: 10.688 Thread 0x000002506e301000 DEOPT PACKING pc=0x0000025007c0aa94 sp=0x000000dc578fd560
Event: 10.689 Thread 0x000002506e301000 DEOPT UNPACKING pc=0x000002500004912f sp=0x000000dc578fd4f0 mode 2
Event: 10.689 Thread 0x000002506e301000 Uncommon trap: trap_request=0xffffffde fr.pc=0x0000025007bf6fa0 relative=0x0000000000000080
Event: 10.689 Thread 0x000002506e301000 Uncommon trap: reason=class_check action=maybe_recompile pc=0x0000025007bf6fa0 method=java.util.Collections$UnmodifiableMap$UnmodifiableEntrySet$1.hasNext()Z @ 4 c2
Event: 10.689 Thread 0x000002506e301000 DEOPT PACKING pc=0x0000025007bf6fa0 sp=0x000000dc578fd570
Event: 10.689 Thread 0x000002506e301000 DEOPT UNPACKING pc=0x000002500004912f sp=0x000000dc578fd500 mode 2
Event: 10.689 Thread 0x000002506e301000 Uncommon trap: trap_request=0xffffffde fr.pc=0x0000025007c0bc94 relative=0x00000000000004d4
Event: 10.689 Thread 0x000002506e301000 Uncommon trap: reason=class_check action=maybe_recompile pc=0x0000025007c0bc94 method=java.util.Collections$UnmodifiableMap$UnmodifiableEntrySet$1.next()Ljava/util/Map$Entry; @ 8 c2
Event: 10.689 Thread 0x000002506e301000 DEOPT PACKING pc=0x0000025007c0bc94 sp=0x000000dc578fd510
Event: 10.689 Thread 0x000002506e301000 DEOPT UNPACKING pc=0x000002500004912f sp=0x000000dc578fd490 mode 2
Event: 10.689 Thread 0x000002506e301000 Uncommon trap: trap_request=0xffffffde fr.pc=0x0000025007c0a794 relative=0x0000000000000074
Event: 10.689 Thread 0x000002506e301000 Uncommon trap: reason=class_check action=maybe_recompile pc=0x0000025007c0a794 method=java.util.Collections$UnmodifiableMap$UnmodifiableEntrySet$UnmodifiableEntry.getKey()Ljava/lang/Object; @ 4 c2
Event: 10.689 Thread 0x000002506e301000 DEOPT PACKING pc=0x0000025007c0a794 sp=0x000000dc578fd560
Event: 10.689 Thread 0x000002506e301000 DEOPT UNPACKING pc=0x000002500004912f sp=0x000000dc578fd4f0 mode 2
Event: 10.689 Thread 0x000002506e301000 Uncommon trap: trap_request=0xffffffde fr.pc=0x0000025007c0aa94 relative=0x0000000000000074
Event: 10.689 Thread 0x000002506e301000 Uncommon trap: reason=class_check action=maybe_recompile pc=0x0000025007c0aa94 method=java.util.Collections$UnmodifiableMap$UnmodifiableEntrySet$UnmodifiableEntry.getValue()Ljava/lang/Object; @ 4 c2
Event: 10.689 Thread 0x000002506e301000 DEOPT PACKING pc=0x0000025007c0aa94 sp=0x000000dc578fd560
Event: 10.689 Thread 0x000002506e301000 DEOPT UNPACKING pc=0x000002500004912f sp=0x000000dc578fd4f0 mode 2

Classes unloaded (0 events):
No events

Classes redefined (0 events):
No events

Internal exceptions (20 events):
Event: 8.982 Thread 0x000002506e301000 Exception <a 'sun/nio/fs/WindowsException'{0x00000000c617ba38}> (0x00000000c617ba38) 
thrown [t:/workspace/open/src/hotspot/share/prims/jni.cpp, line 598]
Event: 8.982 Thread 0x000002506e301000 Exception <a 'sun/nio/fs/WindowsException'{0x00000000c617ca80}> (0x00000000c617ca80) 
thrown [t:/workspace/open/src/hotspot/share/prims/jni.cpp, line 598]
Event: 8.982 Thread 0x000002506e301000 Exception <a 'sun/nio/fs/WindowsException'{0x00000000c617cd48}> (0x00000000c617cd48) 
thrown [t:/workspace/open/src/hotspot/share/prims/jni.cpp, line 598]
Event: 8.982 Thread 0x000002506e301000 Exception <a 'sun/nio/fs/WindowsException'{0x00000000c617dca0}> (0x00000000c617dca0) 
thrown [t:/workspace/open/src/hotspot/share/prims/jni.cpp, line 598]
Event: 8.982 Thread 0x000002506e301000 Exception <a 'sun/nio/fs/WindowsException'{0x00000000c617e030}> (0x00000000c617e030) 
thrown [t:/workspace/open/src/hotspot/share/prims/jni.cpp, line 598]
Event: 9.003 Thread 0x000002506e301000 Exception <a 'sun/nio/fs/WindowsException'{0x00000000c61a90b0}> (0x00000000c61a90b0) 
thrown [t:/workspace/open/src/hotspot/share/prims/jni.cpp, line 598]
Event: 9.003 Thread 0x000002506e301000 Exception <a 'sun/nio/fs/WindowsException'{0x00000000c61a9810}> (0x00000000c61a9810) 
thrown [t:/workspace/open/src/hotspot/share/prims/jni.cpp, line 598]
Event: 9.004 Thread 0x000002506e301000 Exception <a 'sun/nio/fs/WindowsException'{0x00000000c61a9dd0}> (0x00000000c61a9dd0) 
thrown [t:/workspace/open/src/hotspot/share/prims/jni.cpp, line 598]
Event: 9.004 Thread 0x000002506e301000 Exception <a 'sun/nio/fs/WindowsException'{0x00000000c61aa518}> (0x00000000c61aa518) 
thrown [t:/workspace/open/src/hotspot/share/prims/jni.cpp, line 598]
Event: 9.004 Thread 0x000002506e301000 Exception <a 'sun/nio/fs/WindowsException'{0x00000000c61aa860}> (0x00000000c61aa860) 
thrown [t:/workspace/open/src/hotspot/share/prims/jni.cpp, line 598]
Event: 9.004 Thread 0x000002506e301000 Exception <a 'sun/nio/fs/WindowsException'{0x00000000c61ab520}> (0x00000000c61ab520) 
thrown [t:/workspace/open/src/hotspot/share/prims/jni.cpp, line 598]
Event: 9.004 Thread 0x000002506e301000 Exception <a 'sun/nio/fs/WindowsException'{0x00000000c61ab840}> (0x00000000c61ab840) 
thrown [t:/workspace/open/src/hotspot/share/prims/jni.cpp, line 598]
Event: 9.004 Thread 0x000002506e301000 Exception <a 'sun/nio/fs/WindowsException'{0x00000000c61ac4d8}> (0x00000000c61ac4d8) 
thrown [t:/workspace/open/src/hotspot/share/prims/jni.cpp, line 598]
Event: 9.004 Thread 0x000002506e301000 Exception <a 'sun/nio/fs/WindowsException'{0x00000000c61ac7a8}> (0x00000000c61ac7a8) 
thrown [t:/workspace/open/src/hotspot/share/prims/jni.cpp, line 598]
Event: 9.004 Thread 0x000002506e301000 Exception <a 'sun/nio/fs/WindowsException'{0x00000000c61ad438}> (0x00000000c61ad438) 
thrown [t:/workspace/open/src/hotspot/share/prims/jni.cpp, line 598]
Event: 9.509 Thread 0x000002506e301000 Exception <a 'java/lang/NoSuchMethodError'{0x00000000c668eb28}: 'java.lang.String org.apache.maven.execution.MavenExecutionRequest.getFailureBehavior()'> (0x00000000c668eb28) 
thrown [t:/workspace/open/src/hotspot/share/interpreter/linkResolver.cpp, line 862]
Event: 9.535 Thread 0x000002500f802000 Exception <a 'java/lang/NoSuchMethodError'{0x00000000c650b158}: 'java.lang.Object java.lang.invoke.DirectMethodHandle$Holder.invokeStaticInit(java.lang.Object, java.lang.Object, long, java.lang.Object)'> (0x00000000c650b158) 
thrown [t:/workspace/open/src/hotspot/share/interpreter/linkResolver.cpp, line 767]
Event: 9.536 Thread 0x000002500f802000 Exception <a 'java/lang/NoSuchMethodError'{0x00000000c6510bb0}: 'java.lang.Object java.lang.invoke.Invokers$Holder.linkToTargetMethod(java.lang.Object, long, java.lang.Object)'> (0x00000000c6510bb0) 
thrown [t:/workspace/open/src/hotspot/share/interpreter/linkResolver.cpp, line 767]
Event: 10.095 Thread 0x000002506e301000 Exception <a 'java/lang/NoSuchMethodError'{0x00000000c65daad8}: 'java.lang.Object java.lang.invoke.DirectMethodHandle$Holder.invokeStaticInit(java.lang.Object, java.lang.Object, int, int, int, int)'> (0x00000000c65daad8) 
thrown [t:/workspace/open/src/hotspot/share/interpreter/linkResolver.cpp, line 767]
Event: 10.709 Thread 0x000002506e301000 Exception <a 'java/lang/NoSuchMethodError'{0x00000000c64ae800}: 'void java.lang.invoke.DirectMethodHandle$Holder.invokeStatic(java.lang.Object, long)'> (0x00000000c64ae800) 
thrown [t:/workspace/open/src/hotspot/share/interpreter/linkResolver.cpp, line 767]

Events (20 events):
Event: 10.715 loading class org/apache/maven/surefire/shade/org/apache/maven/shared/utils/cli/StreamFeeder done
Event: 10.715 loading class org/apache/maven/surefire/shade/org/apache/maven/shared/utils/cli/AbstractStreamHandler
Event: 10.715 loading class org/apache/maven/surefire/shade/org/apache/maven/shared/utils/cli/AbstractStreamHandler done
Event: 10.715 loading class org/apache/maven/surefire/shade/org/apache/maven/shared/utils/cli/AbstractStreamHandler
Event: 10.715 loading class org/apache/maven/surefire/shade/org/apache/maven/shared/utils/cli/AbstractStreamHandler done
Event: 10.716 loading class org/apache/maven/surefire/shade/org/apache/maven/shared/utils/cli/StreamPumper
Event: 10.716 loading class org/apache/maven/surefire/shade/org/apache/maven/shared/utils/cli/StreamPumper done
Event: 10.716 loading class org/apache/maven/surefire/shade/org/apache/maven/shared/utils/cli/StreamPumper
Event: 10.716 loading class org/apache/maven/surefire/shade/org/apache/maven/shared/utils/cli/StreamPumper done
Event: 10.717 Thread 0x000002507e216800 Thread added: 0x000002507e216800
Event: 10.718 Thread 0x000002507c13e800 Thread added: 0x000002507c13e800
Event: 10.718 Thread 0x000002507c13d800 Thread added: 0x000002507c13d800
Event: 10.718 loading class org/apache/maven/surefire/shade/org/apache/maven/shared/utils/cli/CommandLineUtils$1
Event: 10.718 loading class org/apache/maven/surefire/shade/org/apache/maven/shared/utils/cli/CommandLineUtils$1 done
Event: 10.718 loading class org/apache/maven/surefire/shade/org/apache/maven/shared/utils/cli/CommandLineUtils$1
Event: 10.718 loading class org/apache/maven/surefire/shade/org/apache/maven/shared/utils/cli/CommandLineUtils$1 done
Event: 10.719 loading class org/apache/maven/surefire/shade/org/apache/maven/shared/utils/cli/CommandLineTimeOutException
Event: 10.719 loading class org/apache/maven/surefire/shade/org/apache/maven/shared/utils/cli/CommandLineTimeOutException done
Event: 10.719 loading class org/apache/maven/surefire/shade/org/apache/maven/shared/utils/cli/CommandLineTimeOutException
Event: 10.719 loading class org/apache/maven/surefire/shade/org/apache/maven/shared/utils/cli/CommandLineTimeOutException done


Dynamic libraries:
0x00007ff63b070000 - 0x00007ff63b07f000 	C:\Program Files\Java\jdk-13.0.2\bin\java.exe
0x00007ffa94980000 - 0x00007ffa94b70000 	C:\Windows\SYSTEM32\ntdll.dll
0x00007ffa84cd0000 - 0x00007ffa84ce3000 	C:\Program Files\Avast Software\Avast\aswhook.dll
0x00007ffa94120000 - 0x00007ffa941d2000 	C:\Windows\System32\KERNEL32.DLL
0x00007ffa925e0000 - 0x00007ffa92883000 	C:\Windows\System32\KERNELBASE.dll
0x00007ffa92930000 - 0x00007ffa92a2a000 	C:\Windows\System32\ucrtbase.dll
0x00007ffa88df0000 - 0x00007ffa88e08000 	C:\Program Files\Java\jdk-13.0.2\bin\jli.dll
0x00007ffa93200000 - 0x00007ffa932a3000 	C:\Windows\System32\ADVAPI32.dll
0x00007ffa94260000 - 0x00007ffa942fe000 	C:\Windows\System32\msvcrt.dll
0x00007ffa92f10000 - 0x00007ffa92fa7000 	C:\Windows\System32\sechost.dll
0x00007ffa92fb0000 - 0x00007ffa930d0000 	C:\Windows\System32\RPCRT4.dll
0x00007ffa92cb0000 - 0x00007ffa92e44000 	C:\Windows\System32\USER32.dll
0x00007ffa91910000 - 0x00007ffa91931000 	C:\Windows\System32\win32u.dll
0x00007ffa947e0000 - 0x00007ffa94806000 	C:\Windows\System32\GDI32.dll
0x00007ffa92320000 - 0x00007ffa924b4000 	C:\Windows\System32\gdi32full.dll
0x00007ffa92890000 - 0x00007ffa9292e000 	C:\Windows\System32\msvcp_win.dll
0x00007ffa82030000 - 0x00007ffa82045000 	C:\Program Files\Java\jdk-13.0.2\bin\VCRUNTIME140.dll
0x00007ffa7d230000 - 0x00007ffa7d4b5000 	C:\Windows\WinSxS\amd64_microsoft.windows.common-controls_6595b64144ccf1df_6.0.18362.778_none_e6c6b761130d4fb8\COMCTL32.dll
0x00007ffa932b0000 - 0x00007ffa935e6000 	C:\Windows\System32\combase.dll
0x00007ffa91940000 - 0x00007ffa919c0000 	C:\Windows\System32\bcryptPrimitives.dll
0x00007ffa8d200000 - 0x00007ffa8d20a000 	C:\Windows\SYSTEM32\VERSION.dll
0x00007ffa935f0000 - 0x00007ffa9361e000 	C:\Windows\System32\IMM32.DLL
0x00007ffa73350000 - 0x00007ffa733eb000 	C:\Program Files\Java\jdk-13.0.2\bin\msvcp140.dll
0x00007ffa472d0000 - 0x00007ffa47e2d000 	C:\Program Files\Java\jdk-13.0.2\bin\server\jvm.dll
0x00007ffa93800000 - 0x00007ffa93808000 	C:\Windows\System32\PSAPI.DLL
0x00007ffa881d0000 - 0x00007ffa881d9000 	C:\Windows\SYSTEM32\WSOCK32.dll
0x00007ffa940b0000 - 0x00007ffa9411f000 	C:\Windows\System32\WS2_32.dll
0x00007ffa8fa10000 - 0x00007ffa8fa34000 	C:\Windows\SYSTEM32\WINMM.dll
0x00007ffa8f9e0000 - 0x00007ffa8fa0d000 	C:\Windows\SYSTEM32\WINMMBASE.dll
0x00007ffa924c0000 - 0x00007ffa9250a000 	C:\Windows\System32\cfgmgr32.dll
0x00007ffa918f0000 - 0x00007ffa91901000 	C:\Windows\System32\kernel.appcore.dll
0x00007ffa88de0000 - 0x00007ffa88df0000 	C:\Program Files\Java\jdk-13.0.2\bin\verify.dll
0x00007ffa8cee0000 - 0x00007ffa8d0d4000 	C:\Windows\SYSTEM32\DBGHELP.DLL
0x00007ffa8ceb0000 - 0x00007ffa8ceda000 	C:\Windows\SYSTEM32\dbgcore.DLL
0x00007ffa74e20000 - 0x00007ffa74e46000 	C:\Program Files\Java\jdk-13.0.2\bin\java.dll
0x00007ffa74e00000 - 0x00007ffa74e17000 	C:\Program Files\Java\jdk-13.0.2\bin\zip.dll
0x00007ffa74df0000 - 0x00007ffa74dfa000 	C:\Program Files\Java\jdk-13.0.2\bin\jimage.dll
0x00007ffa939c0000 - 0x00007ffa940a5000 	C:\Windows\System32\SHELL32.dll
0x00007ffa92c00000 - 0x00007ffa92ca9000 	C:\Windows\System32\shcore.dll
0x00007ffa919f0000 - 0x00007ffa92170000 	C:\Windows\System32\windows.storage.dll
0x00007ffa918c0000 - 0x00007ffa918e3000 	C:\Windows\System32\profapi.dll
0x00007ffa91850000 - 0x00007ffa9189a000 	C:\Windows\System32\powrprof.dll
0x00007ffa91840000 - 0x00007ffa91850000 	C:\Windows\System32\UMPDC.dll
0x00007ffa93960000 - 0x00007ffa939b2000 	C:\Windows\System32\shlwapi.dll
0x00007ffa925c0000 - 0x00007ffa925d7000 	C:\Windows\System32\cryptsp.dll
0x00007ffa746c0000 - 0x00007ffa746d9000 	C:\Program Files\Java\jdk-13.0.2\bin\net.dll
0x00007ffa88b60000 - 0x00007ffa88c50000 	C:\Windows\SYSTEM32\WINHTTP.dll
0x00007ffa91060000 - 0x00007ffa910c7000 	C:\Windows\system32\mswsock.dll
0x00007ffa73d60000 - 0x00007ffa73d73000 	C:\Program Files\Java\jdk-13.0.2\bin\nio.dll
0x00007ffa74de0000 - 0x00007ffa74dea000 	C:\Program Files\apache-maven-3.6.3\lib\jansi-native\windows64\jansi.dll
0x00007ffa90b80000 - 0x00007ffa90bb3000 	C:\Windows\system32\rsaenh.dll
0x00007ffa919c0000 - 0x00007ffa919e6000 	C:\Windows\System32\bcrypt.dll
0x00007ffa91730000 - 0x00007ffa91755000 	C:\Windows\SYSTEM32\USERENV.dll
0x00007ffa911e0000 - 0x00007ffa911ec000 	C:\Windows\SYSTEM32\CRYPTBASE.dll
0x00007ffa90d80000 - 0x00007ffa90dba000 	C:\Windows\SYSTEM32\IPHLPAPI.DLL
0x00007ffa92f00000 - 0x00007ffa92f08000 	C:\Windows\System32\NSI.dll
0x00007ffa89e10000 - 0x00007ffa89e26000 	C:\Windows\SYSTEM32\dhcpcsvc6.DLL
0x00007ffa89df0000 - 0x00007ffa89e0c000 	C:\Windows\SYSTEM32\dhcpcsvc.DLL
0x00007ffa90dc0000 - 0x00007ffa90e8a000 	C:\Windows\SYSTEM32\DNSAPI.dll

dbghelp: loaded successfully - version: 4.0.5 - missing functions: none
symbol engine: initialized successfully - sym options: 0x614 - pdb path: .;C:\Program Files\Java\jdk-13.0.2\bin;C:\Windows\SYSTEM32;C:\Program Files\Avast Software\Avast;C:\Windows\WinSxS\amd64_microsoft.windows.common-controls_6595b64144ccf1df_6.0.18362.778_none_e6c6b761130d4fb8;C:\Program Files\Java\jdk-13.0.2\bin\server;C:\Program Files\apache-maven-3.6.3\lib\jansi-native\windows64

VM Arguments:
jvm_args: -Dclassworlds.conf=C:\Program Files\apache-maven-3.6.3\bin\..\bin\m2.conf -Dmaven.home=C:\Program Files\apache-maven-3.6.3\bin\.. -Dlibrary.jansi.path=C:\Program Files\apache-maven-3.6.3\bin\..\lib\jansi-native -Dmaven.multiModuleProjectDirectory=C:\Users\Admin_PC\IdeaProjects\spring-jenkins 
java_command: org.codehaus.plexus.classworlds.launcher.Launcher clean install
java_class_path (initial): C:\Program Files\apache-maven-3.6.3\bin\..\boot\plexus-classworlds-2.6.0.jar
Launcher Type: SUN_STANDARD

[Global flags]
     intx CICompilerCount                          = 3                                         {product} {ergonomic}
     uint ConcGCThreads                            = 1                                         {product} {ergonomic}
     uint G1ConcRefinementThreads                  = 4                                         {product} {ergonomic}
   size_t G1HeapRegionSize                         = 1048576                                   {product} {ergonomic}
    uintx GCDrainStackTargetSize                   = 64                                        {product} {ergonomic}
   size_t InitialHeapSize                          = 67108864                                  {product} {ergonomic}
   size_t MarkStackSize                            = 4194304                                   {product} {ergonomic}
   size_t MaxHeapSize                              = 1048576000                                {product} {ergonomic}
   size_t MaxNewSize                               = 629145600                                 {product} {ergonomic}
   size_t MinHeapDeltaBytes                        = 1048576                                   {product} {ergonomic}
   size_t MinHeapSize                              = 8388608                                   {product} {ergonomic}
    uintx NonNMethodCodeHeapSize                   = 5832780                                {pd product} {ergonomic}
    uintx NonProfiledCodeHeapSize                  = 122912730                              {pd product} {ergonomic}
    uintx ProfiledCodeHeapSize                     = 122912730                              {pd product} {ergonomic}
    uintx ReservedCodeCacheSize                    = 251658240                              {pd product} {ergonomic}
     bool SegmentedCodeCache                       = true                                      {product} {ergonomic}
   size_t SoftMaxHeapSize                          = 1048576000                             {manageable} {ergonomic}
     bool UseCompressedClassPointers               = true                                 {lp64_product} {ergonomic}
     bool UseCompressedOops                        = true                                 {lp64_product} {ergonomic}
     bool UseG1GC                                  = true                                      {product} {ergonomic}
     bool UseLargePagesIndividualAllocation        = false                                  {pd product} {ergonomic}

Logging:
Log output configuration:
 #0: stdout all=warning uptime,level,tags
 #1: stderr all=off uptime,level,tags

Environment Variables:
JAVA_HOME=C:\Program Files\Java\jdk-13.0.2
PATH=C:\Windows\system32;C:\Windows;C:\Windows\System32\Wbem;C:\Windows\System32\WindowsPowerShell\v1.0\;C:\Windows\System32\OpenSSH\;C:\Program Files\Java\jdk-13.0.2\bin;C:\Program Files\nodejs\;C:\Program Files\Docker\Docker\resources\bin;C:\ProgramData\DockerDesktop\version-bin;C:\Program Files\Java\jdk-13.0.2\bin;C:\Program Files\Git\cmd;C:\Program Files\apache-maven-3.6.3\bin;C:\Users\Admin_PC\AppData\Local\Microsoft\WindowsApps;;C:\Users\Admin_PC\AppData\Local\Programs\Microsoft VS Code\bin;C:\Users\Admin_PC\AppData\Roaming\npm
USERNAME=Admin_PC
OS=Windows_NT
PROCESSOR_IDENTIFIER=Intel64 Family 6 Model 42 Stepping 7, GenuineIntel



---------------  S Y S T E M  ---------------

OS: Windows 10 , 64 bit Build 18362 (10.0.18362.778)
HyperV virtualization detected

CPU:total 4 (initial active 4) (2 cores per cpu, 2 threads per core) family 6 model 42 stepping 7, cmov, cx8, fxsr, mmx, sse, sse2, sse3, ssse3, sse4.1, sse4.2, popcnt, avx, clmul, ht, tsc, tscinvbit

Memory: 4k page, system-wide physical 3993M (468M free)
TotalPageFile size 5388M (AvailPageFile size 6M)
current process WorkingSet (physical memory assigned to process): 200M, peak: 204M
current process commit charge ("private bytes"): 229M, peak: 233M

vm_info: Java HotSpot(TM) 64-Bit Server VM (13.0.2+8) for windows-amd64 JRE (13.0.2+8), built on Dec 11 2019 09:20:33 by "mach5one" with unknown MS VC++:1916

END.
